BEGIN 3:axi4_lite_if:fast__2:work
    wready :  1:tb_top:fast:work
    rdata :  1:tb_top:fast:work
    awready :  1:tb_top:fast:work
    bready :  1:tb_top:fast:work
    clk :  1:tb_top:fast:work
    rready :  1:tb_top:fast:work
    wvalid :  1:tb_top:fast:work
    arready :  1:tb_top:fast:work
    awvalid :  1:tb_top:fast:work
    bvalid :  1:tb_top:fast:work
    rvalid :  1:tb_top:fast:work
    wstrb :  1:tb_top:fast:work
    arvalid :  1:tb_top:fast:work
    awaddr :  1:tb_top:fast:work
    bresp :  1:tb_top:fast:work
    rresp :  1:tb_top:fast:work
    wdata :  1:tb_top:fast:work
    araddr :  1:tb_top:fast:work
    rst_n :  1:tb_top:fast:work
END 
BEGIN 3:axi4_lite_if:fast__1:work
    bvalid :  1:sy_uvm_pkg:fast:work
    arvalid :  1:sy_uvm_pkg:fast:work
    wready :  1:sy_uvm_pkg:fast:work
    awvalid :  1:sy_uvm_pkg:fast:work
    rvalid :  1:sy_uvm_pkg:fast:work
    bready :  1:sy_uvm_pkg:fast:work
    awaddr :  1:sy_uvm_pkg:fast:work
    awready :  1:sy_uvm_pkg:fast:work
    rready :  1:sy_uvm_pkg:fast:work
    arready :  1:sy_uvm_pkg:fast:work
    wdata :  1:sy_uvm_pkg:fast:work
    wvalid :  1:sy_uvm_pkg:fast:work
    rdata :  1:sy_uvm_pkg:fast:work
    araddr :  1:sy_uvm_pkg:fast:work
END 
